android/build/outputs/logs/manifest-merger-release-report.txt
-- Merging decision tree log ---
manifest
ADDED from crimsonGame/android/AndroidManifest.xml:2:1-29:12
	xmlns:android
		ADDED from crimsonGame/android/AndroidManifest.xml:2:11-69
	package
		ADDED from crimsonGame/android/AndroidManifest.xml:3:5-42
	android:versionName
		ADDED from crimsonGame/android/AndroidManifest.xml:6:5-30
		INJECTED from crimsonGame/android/AndroidManifest.xml
		INJECTED from crimsonGame/android/AndroidManifest.xml
	android:versionCode
		ADDED from crimsonGame/android/AndroidManifest.xml:5:5-28
		INJECTED from crimsonGame/android/AndroidManifest.xml
		INJECTED from crimsonGame/android/AndroidManifest.xml
uses-sdk
ADDED from crimsonGame/android/AndroidManifest.xml:8:5-73
MERGED from [com.android.support:multidex:1.0.1] AndroidManifest.xml:18:5-42
	android:targetSdkVersion
		ADDED from crimsonGame/android/AndroidManifest.xml:8:41-70
		INJECTED from crimsonGame/android/AndroidManifest.xml
		INJECTED from crimsonGame/android/AndroidManifest.xml
	android:minSdkVersion
		ADDED from crimsonGame/android/AndroidManifest.xml:8:15-40
		INJECTED from crimsonGame/android/AndroidManifest.xml
		INJECTED from crimsonGame/android/AndroidManifest.xml
application
ADDED from crimsonGame/android/AndroidManifest.xml:10:5-27:19
	android:label
		ADDED from crimsonGame/android/AndroidManifest.xml:13:9-41
	android:allowBackup
		ADDED from crimsonGame/android/AndroidManifest.xml:11:9-35
	android:icon
		ADDED from crimsonGame/android/AndroidManifest.xml:12:9-45
	android:theme
		ADDED from crimsonGame/android/AndroidManifest.xml:14:9-40
activity#com.pomavau.crimson.android.AndroidLauncher
ADDED from crimsonGame/android/AndroidManifest.xml:17:9-26:20
	android:screenOrientation
		ADDED from crimsonGame/android/AndroidManifest.xml:20:13-50
	android:label
		ADDED from crimsonGame/android/AndroidManifest.xml:19:13-45
	android:configChanges
		ADDED from crimsonGame/android/AndroidManifest.xml:21:13-83
	android:name
		ADDED from crimsonGame/android/AndroidManifest.xml:18:13-71
intent-filter#android.intent.action.MAIN+android.intent.category.LAUNCHER
ADDED from crimsonGame/android/AndroidManifest.xml:22:13-25:29
action#android.intent.action.MAIN
ADDED from crimsonGame/android/AndroidManifest.xml:23:17-69
	android:name
		ADDED from crimsonGame/android/AndroidManifest.xml:23:25-66
category#android.intent.category.LAUNCHER
ADDED from crimsonGame/android/AndroidManifest.xml:24:17-77
	android:name
		ADDED from crimsonGame/android/AndroidManifest.xml:24:27-74